<?xml version="1.0" encoding="UTF-8"?>
<!-- Generated by org.testng.reporters.JUnitXMLReporter -->
<testsuite ignored="0" hostname="NX00483" failures="1" tests="7" name="ChromeTest" time="125.488" errors="0" timestamp="2022-11-02T18:18:26 PKT">
  <testcase classname="Testcases_Package.ValidateLoginPage" name="TestcasetoVerifyLoginwith_CorrectUsernameandWrongPassword" time="2.172"/>
  <testcase classname="Testcases_Package.ValidateLoginPage" name="TestcasetoVerifyLoginwith_WrongUsernameandCorrectPassword" time="0.351">
    <failure type="java.lang.AssertionError" message="Failed expected [true] but found [false]">
      <![CDATA[java.lang.AssertionError: Failed expected [true] but found [false]
at Testcases_Package.ValidateLoginPage.TestcasetoVerifyLoginwith_WrongUsernameandCorrectPassword(ValidateLoginPage.java:69)
at java.base/java.util.concurrent.ThreadPoolExecutor.runWorker(ThreadPoolExecutor.java:1128)
at java.base/java.util.concurrent.ThreadPoolExecutor$Worker.run(ThreadPoolExecutor.java:628)
at java.base/java.lang.Thread.run(Thread.java:834)
... Removed 15 stack frames]]>
    </failure>
  </testcase> <!-- TestcasetoVerifyLoginwith_WrongUsernameandCorrectPassword -->
  <testcase classname="Testcases_Package.ValidateLoginPage" name="TestcasetoVerifyLoginwith_bothWrongUsernameandPassword" time="0.366"/>
  <testcase classname="Testcases_Package.ValidateLoginPage" name="TestcasetoVerifyLoginwithbothcorrectUsernameandPassword" time="0.502"/>
  <testcase classname="Testcases_Package.ValidateLoginPage" name="TestcasetoVerifyLoginwithbothcorrectUsernameandPassword" time="0.393"/>
  <testcase classname="Testcases_Package.ValidateLoginPage" name="TestcasetoVerifyLoginwithbothcorrectUsernameandPassword" time="0.385"/>
  <testcase classname="Testcases_Package.ValidateLoginPage" name="TestcasetoVerifyLoginwithbothcorrectUsernameandPassword" time="0.395"/>
</testsuite> <!-- ChromeTest -->
