<?xml version="1.0" encoding="UTF-8"?>
<!-- Generated by org.testng.reporters.JUnitXMLReporter -->
<testsuite ignored="0" hostname="NX00483" failures="0" tests="1" name="EdgeTest" time="0.118" errors="0" timestamp="2022-10-07T16:57:06 PKT">
  <testcase classname="Testcases_Package.TestCase_AboutUSPage" name="@BeforeMethod beforeMethod" time="-1.665143826181E9">
    <failure type="org.testng.TestNGException" message="
Can inject only one of &amp;lt;ITestContext, XmlTest, Method, Object[], ITestResult&amp;gt; into a @BeforeMethod annotated beforeMethod.
For more information on native dependency injection please refer to https://testng.org/doc/documentation-main.html#native-dependency-injection">
      <![CDATA[org.testng.TestNGException: 
Can inject only one of <ITestContext, XmlTest, Method, Object[], ITestResult> into a @BeforeMethod annotated beforeMethod.
For more information on native dependency injection please refer to https://testng.org/doc/documentation-main.html#native-dependency-injection
at java.base/java.util.concurrent.ThreadPoolExecutor.runWorker(ThreadPoolExecutor.java:1128)
at java.base/java.util.concurrent.ThreadPoolExecutor$Worker.run(ThreadPoolExecutor.java:628)
at java.base/java.lang.Thread.run(Thread.java:834)
... Removed 13 stack frames]]>
    </failure>
  </testcase> <!-- @BeforeMethod beforeMethod -->
  <testcase classname="Testcases_Package.TestCase_AboutUSPage" name="@AfterMethod afterMethod" time="-1.665143826294E9">
    <skipped/>
  </testcase> <!-- @AfterMethod afterMethod -->
  <testcase classname="Testcases_Package.TestCase_AboutUSPage" name="Testcase_GoToSauceSite" time="0.0">
    <skipped/>
  </testcase> <!-- Testcase_GoToSauceSite -->
</testsuite> <!-- EdgeTest -->
