<?xml version="1.0" encoding="UTF-8"?>
<testng-results ignored="0" total="8" passed="7" failed="1" skipped="0">
  <reporter-output>
  </reporter-output>
  <suite started-at="2022-11-02T18:16:20 PKT" name="Regression_Suit" finished-at="2022-11-02T18:18:41 PKT" duration-ms="140800">
    <groups>
      <group name="sanity_Suite">
        <method signature="ValidateLoginPage.TestcasetoVerifyLoginwith_WrongUsernameandCorrectPassword()[pri:1, instance:Testcases_Package.ValidateLoginPage@3c9bfddc]" name="TestcasetoVerifyLoginwith_WrongUsernameandCorrectPassword" class="Testcases_Package.ValidateLoginPage"/>
        <method signature="ValidateLoginPage.TestcasetoVerifyLoginwith_bothWrongUsernameandPassword()[pri:1, instance:Testcases_Package.ValidateLoginPage@3c9bfddc]" name="TestcasetoVerifyLoginwith_bothWrongUsernameandPassword" class="Testcases_Package.ValidateLoginPage"/>
        <method signature="ValidateLoginPage.TestcasetoVerifyLoginwithbothcorrectUsernameandPassword()[pri:1, instance:Testcases_Package.ValidateLoginPage@3c9bfddc]" name="TestcasetoVerifyLoginwithbothcorrectUsernameandPassword" class="Testcases_Package.ValidateLoginPage"/>
      </group> <!-- sanity_Suite -->
      <group name="regression_Suite">
        <method signature="ValidateLoginPage.TestcasetoVerifyLoginwith_CorrectUsernameandWrongPassword()[pri:1, instance:Testcases_Package.ValidateLoginPage@3c9bfddc]" name="TestcasetoVerifyLoginwith_CorrectUsernameandWrongPassword" class="Testcases_Package.ValidateLoginPage"/>
        <method signature="ValidateLoginPage.TestcasetoVerifyLoginwith_WrongUsernameandCorrectPassword()[pri:1, instance:Testcases_Package.ValidateLoginPage@3c9bfddc]" name="TestcasetoVerifyLoginwith_WrongUsernameandCorrectPassword" class="Testcases_Package.ValidateLoginPage"/>
        <method signature="ValidateLoginPage.TestcasetoVerifyLoginwith_bothWrongUsernameandPassword()[pri:1, instance:Testcases_Package.ValidateLoginPage@3c9bfddc]" name="TestcasetoVerifyLoginwith_bothWrongUsernameandPassword" class="Testcases_Package.ValidateLoginPage"/>
        <method signature="ValidateLoginPage.TestcasetoVerifyLoginwithbothcorrectUsernameandPassword()[pri:1, instance:Testcases_Package.ValidateLoginPage@3c9bfddc]" name="TestcasetoVerifyLoginwithbothcorrectUsernameandPassword" class="Testcases_Package.ValidateLoginPage"/>
      </group> <!-- regression_Suite -->
    </groups>
    <test started-at="2022-11-02T18:16:20 PKT" name="ChromeTest" finished-at="2022-11-02T18:18:25 PKT" duration-ms="125488">
      <class name="Testcases_Package.ValidateLoginPage">
        <test-method is-config="true" signature="beforeMethod()[pri:0, instance:Testcases_Package.ValidateLoginPage@3c9bfddc]" started-at="2022-11-02T18:16:20 PKT" name="beforeMethod" finished-at="2022-11-02T18:16:44 PKT" duration-ms="23882" status="PASS">
          <reporter-output>
          </reporter-output>
        </test-method> <!-- beforeMethod -->
        <test-method signature="TestcasetoVerifyLoginwith_CorrectUsernameandWrongPassword()[pri:1, instance:Testcases_Package.ValidateLoginPage@3c9bfddc]" started-at="2022-11-02T18:16:44 PKT" name="TestcasetoVerifyLoginwith_CorrectUsernameandWrongPassword" description="Login Test#4" finished-at="2022-11-02T18:16:46 PKT" duration-ms="2172" status="PASS">
          <reporter-output>
          </reporter-output>
        </test-method> <!-- TestcasetoVerifyLoginwith_CorrectUsernameandWrongPassword -->
        <test-method is-config="true" signature="afterMethod()[pri:0, instance:Testcases_Package.ValidateLoginPage@3c9bfddc]" started-at="2022-11-02T18:16:46 PKT" name="afterMethod" finished-at="2022-11-02T18:16:46 PKT" duration-ms="14" status="PASS">
          <reporter-output>
          </reporter-output>
        </test-method> <!-- afterMethod -->
        <test-method is-config="true" signature="beforeMethod()[pri:0, instance:Testcases_Package.ValidateLoginPage@3c9bfddc]" started-at="2022-11-02T18:16:46 PKT" name="beforeMethod" finished-at="2022-11-02T18:16:54 PKT" duration-ms="8211" status="PASS">
          <reporter-output>
          </reporter-output>
        </test-method> <!-- beforeMethod -->
        <test-method signature="TestcasetoVerifyLoginwith_WrongUsernameandCorrectPassword()[pri:1, instance:Testcases_Package.ValidateLoginPage@3c9bfddc]" started-at="2022-11-02T18:16:54 PKT" name="TestcasetoVerifyLoginwith_WrongUsernameandCorrectPassword" description="Login Test#3" finished-at="2022-11-02T18:16:55 PKT" duration-ms="351" status="FAIL">
          <exception class="java.lang.AssertionError">
            <message>
              <![CDATA[Failed expected [true] but found [false]]]>
            </message>
            <full-stacktrace>
              <![CDATA[java.lang.AssertionError: Failed expected [true] but found [false]
at org.testng.Assert.fail(Assert.java:99)
at org.testng.Assert.failNotEquals(Assert.java:1037)
at org.testng.Assert.assertTrue(Assert.java:45)
at Testcases_Package.ValidateLoginPage.TestcasetoVerifyLoginwith_WrongUsernameandCorrectPassword(ValidateLoginPage.java:69)
at java.base/jdk.internal.reflect.NativeMethodAccessorImpl.invoke0(Native Method)
at java.base/jdk.internal.reflect.NativeMethodAccessorImpl.invoke(NativeMethodAccessorImpl.java:62)
at java.base/jdk.internal.reflect.DelegatingMethodAccessorImpl.invoke(DelegatingMethodAccessorImpl.java:43)
at java.base/java.lang.reflect.Method.invoke(Method.java:566)
at org.testng.internal.MethodInvocationHelper.invokeMethod(MethodInvocationHelper.java:133)
at org.testng.internal.TestInvoker.invokeMethod(TestInvoker.java:598)
at org.testng.internal.TestInvoker.invokeTestMethod(TestInvoker.java:173)
at org.testng.internal.MethodRunner.runInSequence(MethodRunner.java:46)
at org.testng.internal.TestInvoker$MethodInvocationAgent.invoke(TestInvoker.java:824)
at org.testng.internal.TestInvoker.invokeTestMethods(TestInvoker.java:146)
at org.testng.internal.TestMethodWorker.invokeTestMethods(TestMethodWorker.java:146)
at org.testng.internal.TestMethodWorker.run(TestMethodWorker.java:128)
at java.base/java.util.concurrent.ThreadPoolExecutor.runWorker(ThreadPoolExecutor.java:1128)
at java.base/java.util.concurrent.ThreadPoolExecutor$Worker.run(ThreadPoolExecutor.java:628)
at java.base/java.lang.Thread.run(Thread.java:834)
]]>
            </full-stacktrace>
          </exception> <!-- java.lang.AssertionError -->
          <reporter-output>
          </reporter-output>
        </test-method> <!-- TestcasetoVerifyLoginwith_WrongUsernameandCorrectPassword -->
        <test-method is-config="true" signature="afterMethod()[pri:0, instance:Testcases_Package.ValidateLoginPage@3c9bfddc]" started-at="2022-11-02T18:17:08 PKT" name="afterMethod" finished-at="2022-11-02T18:17:08 PKT" duration-ms="10" status="PASS">
          <reporter-output>
          </reporter-output>
        </test-method> <!-- afterMethod -->
        <test-method is-config="true" signature="beforeMethod()[pri:0, instance:Testcases_Package.ValidateLoginPage@3c9bfddc]" started-at="2022-11-02T18:17:08 PKT" name="beforeMethod" finished-at="2022-11-02T18:17:25 PKT" duration-ms="17702" status="PASS">
          <reporter-output>
          </reporter-output>
        </test-method> <!-- beforeMethod -->
        <test-method signature="TestcasetoVerifyLoginwith_bothWrongUsernameandPassword()[pri:1, instance:Testcases_Package.ValidateLoginPage@3c9bfddc]" started-at="2022-11-02T18:17:25 PKT" name="TestcasetoVerifyLoginwith_bothWrongUsernameandPassword" description="Login Test#2" finished-at="2022-11-02T18:17:26 PKT" duration-ms="366" status="PASS">
          <reporter-output>
          </reporter-output>
        </test-method> <!-- TestcasetoVerifyLoginwith_bothWrongUsernameandPassword -->
        <test-method is-config="true" signature="afterMethod()[pri:0, instance:Testcases_Package.ValidateLoginPage@3c9bfddc]" started-at="2022-11-02T18:17:26 PKT" name="afterMethod" finished-at="2022-11-02T18:17:26 PKT" duration-ms="15" status="PASS">
          <reporter-output>
          </reporter-output>
        </test-method> <!-- afterMethod -->
        <test-method is-config="true" signature="beforeMethod()[pri:0, instance:Testcases_Package.ValidateLoginPage@3c9bfddc]" started-at="2022-11-02T18:17:26 PKT" name="beforeMethod" finished-at="2022-11-02T18:17:40 PKT" duration-ms="14451" status="PASS">
          <reporter-output>
          </reporter-output>
        </test-method> <!-- beforeMethod -->
        <test-method signature="TestcasetoVerifyLoginwithbothcorrectUsernameandPassword()[pri:1, instance:Testcases_Package.ValidateLoginPage@3c9bfddc]" started-at="2022-11-02T18:17:40 PKT" name="TestcasetoVerifyLoginwithbothcorrectUsernameandPassword" description="Login Test#1" finished-at="2022-11-02T18:17:41 PKT" duration-ms="502" status="PASS">
          <reporter-output>
          </reporter-output>
        </test-method> <!-- TestcasetoVerifyLoginwithbothcorrectUsernameandPassword -->
        <test-method is-config="true" signature="afterMethod()[pri:0, instance:Testcases_Package.ValidateLoginPage@3c9bfddc]" started-at="2022-11-02T18:17:41 PKT" name="afterMethod" finished-at="2022-11-02T18:17:41 PKT" duration-ms="22" status="PASS">
          <reporter-output>
          </reporter-output>
        </test-method> <!-- afterMethod -->
        <test-method is-config="true" signature="beforeMethod()[pri:0, instance:Testcases_Package.ValidateLoginPage@3c9bfddc]" started-at="2022-11-02T18:17:41 PKT" name="beforeMethod" finished-at="2022-11-02T18:17:56 PKT" duration-ms="15008" status="PASS">
          <reporter-output>
          </reporter-output>
        </test-method> <!-- beforeMethod -->
        <test-method signature="TestcasetoVerifyLoginwithbothcorrectUsernameandPassword()[pri:1, instance:Testcases_Package.ValidateLoginPage@3c9bfddc]" started-at="2022-11-02T18:17:56 PKT" name="TestcasetoVerifyLoginwithbothcorrectUsernameandPassword" description="Login Test#1" finished-at="2022-11-02T18:17:56 PKT" duration-ms="393" status="PASS">
          <reporter-output>
          </reporter-output>
        </test-method> <!-- TestcasetoVerifyLoginwithbothcorrectUsernameandPassword -->
        <test-method is-config="true" signature="afterMethod()[pri:0, instance:Testcases_Package.ValidateLoginPage@3c9bfddc]" started-at="2022-11-02T18:17:56 PKT" name="afterMethod" finished-at="2022-11-02T18:17:56 PKT" duration-ms="9" status="PASS">
          <reporter-output>
          </reporter-output>
        </test-method> <!-- afterMethod -->
        <test-method is-config="true" signature="beforeMethod()[pri:0, instance:Testcases_Package.ValidateLoginPage@3c9bfddc]" started-at="2022-11-02T18:17:57 PKT" name="beforeMethod" finished-at="2022-11-02T18:18:12 PKT" duration-ms="15369" status="PASS">
          <reporter-output>
          </reporter-output>
        </test-method> <!-- beforeMethod -->
        <test-method signature="TestcasetoVerifyLoginwithbothcorrectUsernameandPassword()[pri:1, instance:Testcases_Package.ValidateLoginPage@3c9bfddc]" started-at="2022-11-02T18:18:12 PKT" name="TestcasetoVerifyLoginwithbothcorrectUsernameandPassword" description="Login Test#1" finished-at="2022-11-02T18:18:12 PKT" duration-ms="385" status="PASS">
          <reporter-output>
          </reporter-output>
        </test-method> <!-- TestcasetoVerifyLoginwithbothcorrectUsernameandPassword -->
        <test-method is-config="true" signature="afterMethod()[pri:0, instance:Testcases_Package.ValidateLoginPage@3c9bfddc]" started-at="2022-11-02T18:18:12 PKT" name="afterMethod" finished-at="2022-11-02T18:18:12 PKT" duration-ms="8" status="PASS">
          <reporter-output>
          </reporter-output>
        </test-method> <!-- afterMethod -->
        <test-method is-config="true" signature="beforeMethod()[pri:0, instance:Testcases_Package.ValidateLoginPage@3c9bfddc]" started-at="2022-11-02T18:18:12 PKT" name="beforeMethod" finished-at="2022-11-02T18:18:25 PKT" duration-ms="12563" status="PASS">
          <reporter-output>
          </reporter-output>
        </test-method> <!-- beforeMethod -->
        <test-method signature="TestcasetoVerifyLoginwithbothcorrectUsernameandPassword()[pri:1, instance:Testcases_Package.ValidateLoginPage@3c9bfddc]" started-at="2022-11-02T18:18:25 PKT" name="TestcasetoVerifyLoginwithbothcorrectUsernameandPassword" description="Login Test#1" finished-at="2022-11-02T18:18:25 PKT" duration-ms="395" status="PASS">
          <reporter-output>
          </reporter-output>
        </test-method> <!-- TestcasetoVerifyLoginwithbothcorrectUsernameandPassword -->
        <test-method is-config="true" signature="afterMethod()[pri:0, instance:Testcases_Package.ValidateLoginPage@3c9bfddc]" started-at="2022-11-02T18:18:25 PKT" name="afterMethod" finished-at="2022-11-02T18:18:25 PKT" duration-ms="7" status="PASS">
          <reporter-output>
          </reporter-output>
        </test-method> <!-- afterMethod -->
      </class> <!-- Testcases_Package.ValidateLoginPage -->
    </test> <!-- ChromeTest -->
    <test started-at="2022-11-02T18:18:26 PKT" name="FirefoxTest" finished-at="2022-11-02T18:18:41 PKT" duration-ms="14636">
      <class name="Testcases_Package.TestCase_InventoryPage">
        <test-method is-config="true" signature="beforeMethod()[pri:0, instance:Testcases_Package.TestCase_InventoryPage@7ec3394b]" started-at="2022-11-02T18:18:26 PKT" name="beforeMethod" finished-at="2022-11-02T18:18:40 PKT" duration-ms="13576" status="PASS">
          <reporter-output>
          </reporter-output>
        </test-method> <!-- beforeMethod -->
        <test-method signature="Testcasetocheck_IteminCart()[pri:0, instance:Testcases_Package.TestCase_InventoryPage@7ec3394b]" started-at="2022-11-02T18:18:40 PKT" name="Testcasetocheck_IteminCart" finished-at="2022-11-02T18:18:41 PKT" duration-ms="1019" status="PASS">
          <reporter-output>
          </reporter-output>
        </test-method> <!-- Testcasetocheck_IteminCart -->
        <test-method is-config="true" signature="afterMethod()[pri:0, instance:Testcases_Package.TestCase_InventoryPage@7ec3394b]" started-at="2022-11-02T18:18:41 PKT" name="afterMethod" finished-at="2022-11-02T18:18:41 PKT" duration-ms="23" status="PASS">
          <reporter-output>
          </reporter-output>
        </test-method> <!-- afterMethod -->
      </class> <!-- Testcases_Package.TestCase_InventoryPage -->
    </test> <!-- FirefoxTest -->
  </suite> <!-- Regression_Suit -->
</testng-results>
